#-----------------------------------------------------------
# Vivado v2018.3 (64-bit)
# SW Build 2405991 on Thu Dec  6 23:38:27 MST 2018
# IP Build 2404404 on Fri Dec  7 01:43:56 MST 2018
# Start of session at: Sat Aug  1 14:27:50 2020
# Process ID: 216
# Current directory: H:/Desktop/Shape_recognition
# Command line: vivado.exe -gui_launcher_event rodinguilauncherevent15204 H:\Desktop\Shape_recognition\Shape_recognition.xpr
# Log file: H:/Desktop/Shape_recognition/vivado.log
# Journal file: H:/Desktop/Shape_recognition\vivado.jou
#-----------------------------------------------------------
start_gui
open_project H:/Desktop/Shape_recognition/Shape_recognition.xpr
INFO: [Project 1-313] Project file moved from 'H:/Desktop/SEA-master/SEA-master/Examples/FPGA-IP/UART-IP/project_14' since last save.
Scanning sources...
Finished scanning sources
WARNING: [Project 1-509] GeneratedRun file for 'synth_1' not found
WARNING: [Project 1-509] GeneratedRun file for 'rgb2dvi_0_synth_1' not found
WARNING: [Project 1-509] GeneratedRun file for 'csi2_d_phy_rx_0_synth_1' not found
WARNING: [Project 1-509] GeneratedRun file for 'csi_to_axis_0_synth_1' not found
WARNING: [Project 1-509] GeneratedRun file for 'clk_wiz_0_synth_1' not found
WARNING: [Project 1-509] GeneratedRun file for 'clk_wiz_1_synth_1' not found
WARNING: [Project 1-509] GeneratedRun file for 'blk_mem_gen_0_synth_1' not found
WARNING: [Project 1-509] GeneratedRun file for 'blk_mem_gen_1_synth_1' not found
WARNING: [Project 1-509] GeneratedRun file for 'impl_1' not found
INFO: [filemgmt 56-1] IPUserFilesDir: Directory not found as 'H:/Desktop/Shape_recognition/Shape_recognition.ip_user_files'; using path 'H:/Desktop/SEA-master/SEA-master/Examples/FPGA-IP/UART-IP/project_14/project_14.ip_user_files' instead.
INFO: [IP_Flow 19-234] Refreshing IP repositories
WARNING: [IP_Flow 19-3685] Ignored loading user repository 'h:Documents/VIVADO/FPGA-IP/Camera-IP'. The path is contained within another repository.
WARNING: [IP_Flow 19-2248] Failed to load user IP repository 'h:Documents/VIVADO/FPGA/4.Module-Interface/MIPI-Camera-Interface/Image_Demo/Image_Demo.srcs/sources_1/ip'; Can't find the specified path.
If this directory should no longer be in your list of user repositories, go to the IP Settings dialog and remove it.
WARNING: [IP_Flow 19-2248] Failed to load user IP repository 'h:Documents/VIVADO/FPGA-IP'; Can't find the specified path.
If this directory should no longer be in your list of user repositories, go to the IP Settings dialog and remove it.
INFO: [IP_Flow 19-2313] Loaded Vivado IP repository 'E:/App/Xilinx_Vivado/Vivado/2018.3/data/ip'.
WARNING: [IP_Flow 19-2162] IP 'rgb2dvi_0' is locked:
* IP definition 'rgb2dvi (1.2)' for IP 'rgb2dvi_0' (customized with software release 2018.3) was not found in the IP Catalog.
Please select 'Report IP Status' from the 'Tools/Report' menu or run Tcl command 'report_ip_status' for more information.
WARNING: [IP_Flow 19-2162] IP 'csi2_d_phy_rx_0' is locked:
* IP definition 'csi2_d_phy_rx (1.0)' for IP 'csi2_d_phy_rx_0' (customized with software release 2018.3) was not found in the IP Catalog.
Please select 'Report IP Status' from the 'Tools/Report' menu or run Tcl command 'report_ip_status' for more information.
WARNING: [IP_Flow 19-2162] IP 'csi_to_axis_0' is locked:
* IP definition 'csi_to_axis (1.0)' for IP 'csi_to_axis_0' (customized with software release 2018.3) was not found in the IP Catalog.
Please select 'Report IP Status' from the 'Tools/Report' menu or run Tcl command 'report_ip_status' for more information.
open_project: Time (s): cpu = 00:00:16 ; elapsed = 00:00:10 . Memory (MB): peak = 797.145 ; gain = 180.184
update_compile_order -fileset sources_1
config_ip_cache -import_from_project -use_cache_location H:/DesktopShape_recognition.cache/ip
INFO: [Coretcl 2-1503] Importing synthesis data to the IP Cache for IP rgb2dvi_0
INFO: [Coretcl 2-1503] Importing synthesis data to the IP Cache for IP blk_mem_gen_1
INFO: [Coretcl 2-1503] Importing synthesis data to the IP Cache for IP csi2_d_phy_rx_0
INFO: [Coretcl 2-1503] Importing synthesis data to the IP Cache for IP clk_wiz_0
INFO: [Coretcl 2-1503] Importing synthesis data to the IP Cache for IP csi_to_axis_0
INFO: [Coretcl 2-1503] Importing synthesis data to the IP Cache for IP blk_mem_gen_0
INFO: [Coretcl 2-1503] Importing synthesis data to the IP Cache for IP clk_wiz_1
update_ip_catalog
INFO: [IP_Flow 19-234] Refreshing IP repositories
WARNING: [IP_Flow 19-3685] Ignored loading user repository 'h:Documents/VIVADO/FPGA-IP/Camera-IP'. The path is contained within another repository.
WARNING: [IP_Flow 19-2248] Failed to load user IP repository 'h:Documents/VIVADO/FPGA/4.Module-Interface/MIPI-Camera-Interface/Image_Demo/Image_Demo.srcs/sources_1/ip'; Can't find the specified path.
If this directory should no longer be in your list of user repositories, go to the IP Settings dialog and remove it.
WARNING: [IP_Flow 19-2248] Failed to load user IP repository 'h:Documents/VIVADO/FPGA-IP'; Can't find the specified path.
If this directory should no longer be in your list of user repositories, go to the IP Settings dialog and remove it.
set_property  ip_repo_paths  {h:Documents/VIVADO/FPGA/4.Module-Interface/MIPI-Camera-Interface/Image_Demo/Image_Demo.srcs/sources_1/ip h:Documents/VIVADO/FPGA-IP} [current_project]
update_ip_catalog
INFO: [IP_Flow 19-234] Refreshing IP repositories
WARNING: [IP_Flow 19-2248] Failed to load user IP repository 'h:/Desktop/Shape_recognition/Documents/VIVADO/FPGA/4.Module-Interface/MIPI-Camera-Interface/Image_Demo/Image_Demo.srcs/sources_1/ip'; Can't find the specified path.
If this directory should no longer be in your list of user repositories, go to the IP Settings dialog and remove it.
WARNING: [IP_Flow 19-2248] Failed to load user IP repository 'h:/Desktop/Shape_recognition/Documents/VIVADO/FPGA-IP'; Can't find the specified path.
If this directory should no longer be in your list of user repositories, go to the IP Settings dialog and remove it.
set_property  ip_repo_paths  h:/Desktop/Shape_recognition/Documents/VIVADO/FPGA-IP [current_project]
update_ip_catalog
INFO: [IP_Flow 19-234] Refreshing IP repositories
WARNING: [IP_Flow 19-2248] Failed to load user IP repository 'h:/Desktop/Shape_recognition/Documents/VIVADO/FPGA-IP'; Can't find the specified path.
If this directory should no longer be in your list of user repositories, go to the IP Settings dialog and remove it.
set_property  ip_repo_paths  {} [current_project]
update_ip_catalog
INFO: [IP_Flow 19-234] Refreshing IP repositories
INFO: [IP_Flow 19-1704] No user IP repositories specified
set_property  ip_repo_paths  H:/Desktop/Shape_recognition/Shape_recognition_IP [current_project]
update_ip_catalog
INFO: [IP_Flow 19-234] Refreshing IP repositories
INFO: [IP_Flow 19-1700] Loaded user IP repository 'h:/Desktop/Shape_recognition/Shape_recognition_IP'.
config_ip_cache -import_from_project -use_cache_location H:/Desktop/Shape_recognition/Shape_recognition.cache/ip
INFO: [Coretcl 2-1503] Importing synthesis data to the IP Cache for IP rgb2dvi_0
INFO: [Coretcl 2-1503] Importing synthesis data to the IP Cache for IP blk_mem_gen_1
INFO: [Coretcl 2-1503] Importing synthesis data to the IP Cache for IP csi2_d_phy_rx_0
INFO: [Coretcl 2-1503] Importing synthesis data to the IP Cache for IP clk_wiz_0
INFO: [Coretcl 2-1503] Importing synthesis data to the IP Cache for IP csi_to_axis_0
INFO: [Coretcl 2-1503] Importing synthesis data to the IP Cache for IP blk_mem_gen_0
INFO: [Coretcl 2-1503] Importing synthesis data to the IP Cache for IP clk_wiz_1
update_ip_catalog
INFO: [IP_Flow 19-1839] IP Catalog is up to date.
launch_runs impl_1 -to_step write_bitstream -jobs 2
[Sat Aug  1 14:33:21 2020] Launched rgb2dvi_0_synth_1, csi2_d_phy_rx_0_synth_1, csi_to_axis_0_synth_1, clk_wiz_0_synth_1, clk_wiz_1_synth_1, blk_mem_gen_0_synth_1, blk_mem_gen_1_synth_1, synth_1...
Run output will be captured here:
rgb2dvi_0_synth_1: H:/Desktop/Shape_recognition/Shape_recognition.runs/rgb2dvi_0_synth_1/runme.log
csi2_d_phy_rx_0_synth_1: H:/Desktop/Shape_recognition/Shape_recognition.runs/csi2_d_phy_rx_0_synth_1/runme.log
csi_to_axis_0_synth_1: H:/Desktop/Shape_recognition/Shape_recognition.runs/csi_to_axis_0_synth_1/runme.log
clk_wiz_0_synth_1: H:/Desktop/Shape_recognition/Shape_recognition.runs/clk_wiz_0_synth_1/runme.log
clk_wiz_1_synth_1: H:/Desktop/Shape_recognition/Shape_recognition.runs/clk_wiz_1_synth_1/runme.log
blk_mem_gen_0_synth_1: H:/Desktop/Shape_recognition/Shape_recognition.runs/blk_mem_gen_0_synth_1/runme.log
blk_mem_gen_1_synth_1: H:/Desktop/Shape_recognition/Shape_recognition.runs/blk_mem_gen_1_synth_1/runme.log
synth_1: H:/Desktop/Shape_recognition/Shape_recognition.runs/synth_1/runme.log
[Sat Aug  1 14:33:23 2020] Launched impl_1...
Run output will be captured here: H:/Desktop/Shape_recognition/Shape_recognition.runs/impl_1/runme.log
update_ip_catalog -rebuild
INFO: [IP_Flow 19-234] Refreshing IP repositories
INFO: [IP_Flow 19-1700] Loaded user IP repository 'h:/Desktop/Shape_recognition/Shape_recognition_IP'.
CRITICAL WARNING: [IP_Flow 19-1663] Duplicate IP found for 'digilentinc.com:ip:rgb2dvi:1.2'. The one found in IP location 'h:/Desktop/Shape_recognition/Shape_recognition_IP/Mini-HDMI-IP/IP/RGB2DVI_IP' will take precedence over the same IP in location h:/Desktop/Shape_recognition/Shape_recognition_IP/RGB2DVI_IP
update_ip_catalog -rebuild
INFO: [IP_Flow 19-234] Refreshing IP repositories
INFO: [IP_Flow 19-1700] Loaded user IP repository 'h:/Desktop/Shape_recognition/Shape_recognition_IP'.
update_ip_catalog -rebuild
INFO: [IP_Flow 19-234] Refreshing IP repositories
INFO: [IP_Flow 19-1700] Loaded user IP repository 'h:/Desktop/Shape_recognition/Shape_recognition_IP'.
update_ip_catalog -rebuild
INFO: [IP_Flow 19-234] Refreshing IP repositories
INFO: [IP_Flow 19-1700] Loaded user IP repository 'h:/Desktop/Shape_recognition/Shape_recognition_IP'.
update_ip_catalog -rebuild
INFO: [IP_Flow 19-234] Refreshing IP repositories
INFO: [IP_Flow 19-1700] Loaded user IP repository 'h:/Desktop/Shape_recognition/Shape_recognition_IP'.
update_ip_catalog -rebuild
INFO: [IP_Flow 19-234] Refreshing IP repositories
INFO: [IP_Flow 19-1700] Loaded user IP repository 'h:/Desktop/Shape_recognition/Shape_recognition_IP'.
update_ip_catalog -rebuild
INFO: [IP_Flow 19-234] Refreshing IP repositories
INFO: [IP_Flow 19-1700] Loaded user IP repository 'h:/Desktop/Shape_recognition/Shape_recognition_IP'.
set_property  ip_repo_paths  {} [current_project]
update_ip_catalog
INFO: [IP_Flow 19-234] Refreshing IP repositories
INFO: [IP_Flow 19-1704] No user IP repositories specified
set_property  ip_repo_paths  H:/Desktop/Shape_recognition/Shape_recognition_IP [current_project]
update_ip_catalog
INFO: [IP_Flow 19-234] Refreshing IP repositories
INFO: [IP_Flow 19-1700] Loaded user IP repository 'h:/Desktop/Shape_recognition/Shape_recognition_IP'.
reset_run impl_1 -prev_step 
launch_runs impl_1 -to_step write_bitstream -jobs 2
[Sat Aug  1 14:55:25 2020] Launched impl_1...
Run output will be captured here: H:/Desktop/Shape_recognition/Shape_recognition.runs/impl_1/runme.log
update_ip_catalog -rebuild
INFO: [IP_Flow 19-234] Refreshing IP repositories
INFO: [IP_Flow 19-1700] Loaded user IP repository 'h:/Desktop/Shape_recognition/Shape_recognition_IP'.
CRITICAL WARNING: [IP_Flow 19-1663] Duplicate IP found for 'digilentinc.com:ip:rgb2dvi:1.2'. The one found in IP location 'h:/Desktop/Shape_recognition/Shape_recognition_IP/Mini-HDMI-IP/IP/RGB2DVI_IP' will take precedence over the same IP in location h:/Desktop/Shape_recognition/Shape_recognition_IP/RGB2DVI_IP
reset_run impl_1 -prev_step 
launch_runs impl_1 -to_step write_bitstream -jobs 2
[Sat Aug  1 15:09:58 2020] Launched impl_1...
Run output will be captured here: H:/Desktop/Shape_recognition/Shape_recognition.runs/impl_1/runme.log
update_ip_catalog -rebuild
INFO: [IP_Flow 19-234] Refreshing IP repositories
INFO: [IP_Flow 19-1700] Loaded user IP repository 'h:/Desktop/Shape_recognition/Shape_recognition_IP'.
CRITICAL WARNING: [IP_Flow 19-1663] Duplicate IP found for 'digilentinc.com:ip:rgb2dvi:1.2'. The one found in IP location 'h:/Desktop/Shape_recognition/Shape_recognition_IP/Mini-HDMI-IP/IP/RGB2DVI_IP' will take precedence over the same IP in location h:/Desktop/Shape_recognition/Shape_recognition_IP/RGB2DVI_IP
update_ip_catalog -rebuild
INFO: [IP_Flow 19-234] Refreshing IP repositories
INFO: [IP_Flow 19-1700] Loaded user IP repository 'h:/Desktop/Shape_recognition/Shape_recognition_IP'.
update_ip_catalog -rebuild
INFO: [IP_Flow 19-234] Refreshing IP repositories
INFO: [IP_Flow 19-1700] Loaded user IP repository 'h:/Desktop/Shape_recognition/Shape_recognition_IP'.
update_ip_catalog -rebuild
INFO: [IP_Flow 19-234] Refreshing IP repositories
INFO: [IP_Flow 19-1700] Loaded user IP repository 'h:/Desktop/Shape_recognition/Shape_recognition_IP'.
reset_run impl_1 -prev_step 
launch_runs impl_1 -to_step write_bitstream -jobs 2
[Sat Aug  1 15:17:25 2020] Launched impl_1...
Run output will be captured here: H:/Desktop/Shape_recognition/Shape_recognition.runs/impl_1/runme.log
exit
INFO: [Common 17-206] Exiting Vivado at Sat Aug  1 15:22:36 2020...
